[     494ms] [ERROR] Failed to load resource: the server responded with a status of 404 (Not Found) @ http://localhost:3000/api/placeholder/400/300:0
[     681ms] [WARNING] Image with src "/logowhite.png" is using quality "90" which is not configured in images.qualities. This config will be required starting in Next.js 16.
Read more: https://nextjs.org/docs/messages/next-image-unconfigured-qualities @ http://localhost:3000/_next/static/chunks/node_modules_next_dist_b0daae9a._.js:968
[     725ms] [WARNING] Image with src "/logowhite.png" has either width or height modified, but not the other. If you use CSS to change the size of your image, also include the styles 'width: "auto"' or 'height: "auto"' to maintain the aspect ratio. @ http://localhost:3000/_next/static/chunks/node_modules_next_dist_b0daae9a._.js:968
[     733ms] [WARNING] Image with src "/phoneHeader.png" is using quality "90" which is not configured in images.qualities. This config will be required starting in Next.js 16.
Read more: https://nextjs.org/docs/messages/next-image-unconfigured-qualities @ http://localhost:3000/_next/static/chunks/node_modules_next_dist_b0daae9a._.js:968
[     737ms] [WARNING] Image with src "/ipadred.png" is using quality "90" which is not configured in images.qualities. This config will be required starting in Next.js 16.
Read more: https://nextjs.org/docs/messages/next-image-unconfigured-qualities @ http://localhost:3000/_next/static/chunks/node_modules_next_dist_b0daae9a._.js:968
[     738ms] [WARNING] Image with src "/h-3 2.png" is using quality "90" which is not configured in images.qualities. This config will be required starting in Next.js 16.
Read more: https://nextjs.org/docs/messages/next-image-unconfigured-qualities @ http://localhost:3000/_next/static/chunks/node_modules_next_dist_b0daae9a._.js:968
[     738ms] [WARNING] Image with src "/sana-learn-1 2.png" is using quality "100" which is not configured in images.qualities. This config will be required starting in Next.js 16.
Read more: https://nextjs.org/docs/messages/next-image-unconfigured-qualities @ http://localhost:3000/_next/static/chunks/node_modules_next_dist_b0daae9a._.js:968
[     746ms] [WARNING] Image with src "/h-1 2.png" is using quality "90" which is not configured in images.qualities. This config will be required starting in Next.js 16.
Read more: https://nextjs.org/docs/messages/next-image-unconfigured-qualities @ http://localhost:3000/_next/static/chunks/node_modules_next_dist_b0daae9a._.js:968
[   78859ms] [WARNING] Image with src "/logowhite.png" is using quality "90" which is not configured in images.qualities. This config will be required starting in Next.js 16.
Read more: https://nextjs.org/docs/messages/next-image-unconfigured-qualities @ http://localhost:3000/_next/static/chunks/node_modules_next_dist_b0daae9a._.js:968
[   78878ms] [ERROR] Failed to load resource: the server responded with a status of 404 (Not Found) @ http://localhost:3000/api/placeholder/400/300:0
[   78878ms] [WARNING] Image with src "/logowhite.png" has either width or height modified, but not the other. If you use CSS to change the size of your image, also include the styles 'width: "auto"' or 'height: "auto"' to maintain the aspect ratio. @ http://localhost:3000/_next/static/chunks/node_modules_next_dist_b0daae9a._.js:968
[   78882ms] [WARNING] Image with src "/phoneHeader.png" is using quality "90" which is not configured in images.qualities. This config will be required starting in Next.js 16.
Read more: https://nextjs.org/docs/messages/next-image-unconfigured-qualities @ http://localhost:3000/_next/static/chunks/node_modules_next_dist_b0daae9a._.js:968
[   78888ms] [WARNING] Image with src "/ipadred.png" is using quality "90" which is not configured in images.qualities. This config will be required starting in Next.js 16.
Read more: https://nextjs.org/docs/messages/next-image-unconfigured-qualities @ http://localhost:3000/_next/static/chunks/node_modules_next_dist_b0daae9a._.js:968
[   78888ms] [WARNING] Image with src "/h-3 2.png" is using quality "90" which is not configured in images.qualities. This config will be required starting in Next.js 16.
Read more: https://nextjs.org/docs/messages/next-image-unconfigured-qualities @ http://localhost:3000/_next/static/chunks/node_modules_next_dist_b0daae9a._.js:968
[   78889ms] [WARNING] Image with src "/sana-learn-1 2.png" is using quality "100" which is not configured in images.qualities. This config will be required starting in Next.js 16.
Read more: https://nextjs.org/docs/messages/next-image-unconfigured-qualities @ http://localhost:3000/_next/static/chunks/node_modules_next_dist_b0daae9a._.js:968
[   78892ms] [WARNING] Image with src "/h-1 2.png" is using quality "90" which is not configured in images.qualities. This config will be required starting in Next.js 16.
Read more: https://nextjs.org/docs/messages/next-image-unconfigured-qualities @ http://localhost:3000/_next/static/chunks/node_modules_next_dist_b0daae9a._.js:968
[   87810ms] [WARNING] Image with src "/logowhite.png" is using quality "90" which is not configured in images.qualities. This config will be required starting in Next.js 16.
Read more: https://nextjs.org/docs/messages/next-image-unconfigured-qualities @ http://localhost:3000/_next/static/chunks/node_modules_next_dist_b0daae9a._.js:968
[   87827ms] [WARNING] Image with src "/logowhite.png" has either width or height modified, but not the other. If you use CSS to change the size of your image, also include the styles 'width: "auto"' or 'height: "auto"' to maintain the aspect ratio. @ http://localhost:3000/_next/static/chunks/node_modules_next_dist_b0daae9a._.js:968
[   87829ms] [WARNING] Image with src "/phoneHeader.png" is using quality "90" which is not configured in images.qualities. This config will be required starting in Next.js 16.
Read more: https://nextjs.org/docs/messages/next-image-unconfigured-qualities @ http://localhost:3000/_next/static/chunks/node_modules_next_dist_b0daae9a._.js:968
[   87834ms] [WARNING] Image with src "/ipadred.png" is using quality "90" which is not configured in images.qualities. This config will be required starting in Next.js 16.
Read more: https://nextjs.org/docs/messages/next-image-unconfigured-qualities @ http://localhost:3000/_next/static/chunks/node_modules_next_dist_b0daae9a._.js:968
[   87834ms] [WARNING] Image with src "/h-3 2.png" is using quality "90" which is not configured in images.qualities. This config will be required starting in Next.js 16.
Read more: https://nextjs.org/docs/messages/next-image-unconfigured-qualities @ http://localhost:3000/_next/static/chunks/node_modules_next_dist_b0daae9a._.js:968
[   87835ms] [WARNING] Image with src "/sana-learn-1 2.png" is using quality "100" which is not configured in images.qualities. This config will be required starting in Next.js 16.
Read more: https://nextjs.org/docs/messages/next-image-unconfigured-qualities @ http://localhost:3000/_next/static/chunks/node_modules_next_dist_b0daae9a._.js:968
[   87839ms] [WARNING] Image with src "/h-1 2.png" is using quality "90" which is not configured in images.qualities. This config will be required starting in Next.js 16.
Read more: https://nextjs.org/docs/messages/next-image-unconfigured-qualities @ http://localhost:3000/_next/static/chunks/node_modules_next_dist_b0daae9a._.js:968
[   87908ms] [ERROR] Failed to load resource: the server responded with a status of 404 (Not Found) @ http://localhost:3000/api/placeholder/400/300:0
[  106479ms] [WARNING] Image with src "/logowhite.png" is using quality "90" which is not configured in images.qualities. This config will be required starting in Next.js 16.
Read more: https://nextjs.org/docs/messages/next-image-unconfigured-qualities @ http://localhost:3000/_next/static/chunks/node_modules_next_dist_b0daae9a._.js:968
[  106498ms] [WARNING] Image with src "/phoneHeader.png" is using quality "90" which is not configured in images.qualities. This config will be required starting in Next.js 16.
Read more: https://nextjs.org/docs/messages/next-image-unconfigured-qualities @ http://localhost:3000/_next/static/chunks/node_modules_next_dist_b0daae9a._.js:968
[  106500ms] [WARNING] Image with src "/ipadred.png" is using quality "90" which is not configured in images.qualities. This config will be required starting in Next.js 16.
Read more: https://nextjs.org/docs/messages/next-image-unconfigured-qualities @ http://localhost:3000/_next/static/chunks/node_modules_next_dist_b0daae9a._.js:968
[  106500ms] [WARNING] Image with src "/h-3 2.png" is using quality "90" which is not configured in images.qualities. This config will be required starting in Next.js 16.
Read more: https://nextjs.org/docs/messages/next-image-unconfigured-qualities @ http://localhost:3000/_next/static/chunks/node_modules_next_dist_b0daae9a._.js:968
[  106501ms] [WARNING] Image with src "/sana-learn-1 2.png" is using quality "100" which is not configured in images.qualities. This config will be required starting in Next.js 16.
Read more: https://nextjs.org/docs/messages/next-image-unconfigured-qualities @ http://localhost:3000/_next/static/chunks/node_modules_next_dist_b0daae9a._.js:968
[  106503ms] [WARNING] Image with src "/h-1 2.png" is using quality "90" which is not configured in images.qualities. This config will be required starting in Next.js 16.
Read more: https://nextjs.org/docs/messages/next-image-unconfigured-qualities @ http://localhost:3000/_next/static/chunks/node_modules_next_dist_b0daae9a._.js:968
[  106554ms] [ERROR] Failed to load resource: the server responded with a status of 404 (Not Found) @ http://localhost:3000/api/placeholder/400/300:0
